# Logfile created on 2014-01-15 22:16:53 +0800 by logger.rb/44203
I, [2014-01-15T22:16:53.265510 #29064]  INFO -- : 0:  addressable (2.3.5) from /home/james/.rvm/gems/ruby-2.1.0/specifications/addressable-2.3.5.gemspec
I, [2014-01-15T22:16:53.266781 #29064]  INFO -- : 0:  cookiejar (0.3.0) from /home/james/.rvm/gems/ruby-2.1.0/specifications/cookiejar-0.3.0.gemspec
I, [2014-01-15T22:16:53.267527 #29064]  INFO -- : 0:  daemons (1.1.9) from /home/james/.rvm/gems/ruby-2.1.0/specifications/daemons-1.1.9.gemspec
I, [2014-01-15T22:16:53.268289 #29064]  INFO -- : 0:  eventmachine (1.0.3) from /home/james/.rvm/gems/ruby-2.1.0/specifications/eventmachine-1.0.3.gemspec
I, [2014-01-15T22:16:53.269015 #29064]  INFO -- : 0:  em-socksify (0.3.0) from /home/james/.rvm/gems/ruby-2.1.0/specifications/em-socksify-0.3.0.gemspec
I, [2014-01-15T22:16:56.610331 #29064]  INFO -- : 0:  http_parser.rb (0.6.0) from /home/james/.rvm/gems/ruby-2.1.0/specifications/http_parser.rb-0.6.0.gemspec
I, [2014-01-15T22:16:56.708528 #29064]  INFO -- : 0:  em-http-request (1.1.2) from /home/james/.rvm/gems/ruby-2.1.0/specifications/em-http-request-1.1.2.gemspec
I, [2014-01-15T22:16:56.709240 #29064]  INFO -- : 0:  websocket-driver (0.3.2) from /home/james/.rvm/gems/ruby-2.1.0/specifications/websocket-driver-0.3.2.gemspec
I, [2014-01-15T22:16:56.709788 #29064]  INFO -- : 0:  faye-websocket (0.7.2) from /home/james/.rvm/gems/ruby-2.1.0/specifications/faye-websocket-0.7.2.gemspec
I, [2014-01-15T22:16:56.788073 #29064]  INFO -- : 0:  multi_json (1.8.4) from /home/james/.rvm/gems/ruby-2.1.0/specifications/multi_json-1.8.4.gemspec
I, [2014-01-15T22:16:56.789421 #29064]  INFO -- : 0:  rack (1.5.2) from /home/james/.rvm/gems/ruby-2.1.0/specifications/rack-1.5.2.gemspec
I, [2014-01-15T22:16:56.888647 #29064]  INFO -- : 0:  faye (1.0.1) from /home/james/.rvm/gems/ruby-2.1.0/specifications/faye-1.0.1.gemspec
I, [2014-01-15T22:16:56.889361 #29064]  INFO -- : 0:  rack-protection (1.5.1) from /home/james/.rvm/gems/ruby-2.1.0/specifications/rack-protection-1.5.1.gemspec
I, [2014-01-15T22:16:56.889904 #29064]  INFO -- : 0:  tilt (1.4.1) from /home/james/.rvm/gems/ruby-2.1.0/specifications/tilt-1.4.1.gemspec
I, [2014-01-15T22:16:56.890471 #29064]  INFO -- : 0:  sinatra (1.4.4) from /home/james/.rvm/gems/ruby-2.1.0/specifications/sinatra-1.4.4.gemspec
I, [2014-01-15T22:16:56.891004 #29064]  INFO -- : 0:  thin (1.6.1) from /home/james/.rvm/gems/ruby-2.1.0/specifications/thin-1.6.1.gemspec
I, [2014-01-15T22:16:56.891554 #29064]  INFO -- : 0:  bundler (1.5.0) from /home/james/.rvm/gems/ruby-2.1.0@global/specifications/bundler-1.5.0.gemspec
I, [2014-02-03T00:48:10.498530 #2698]  INFO -- : 0:  i18n (0.6.9) from /home/james/.rvm/gems/ruby-2.1.0/specifications/i18n-0.6.9.gemspec
I, [2014-02-03T00:48:10.642947 #2698]  INFO -- : 0:  minitest (4.7.5) from /home/james/.rvm/gems/ruby-2.1.0/specifications/minitest-4.7.5.gemspec
I, [2014-02-03T00:48:10.644253 #2698]  INFO -- : 0:  multi_json (1.8.4) from /home/james/.rvm/gems/ruby-2.1.0/specifications/multi_json-1.8.4.gemspec
I, [2014-02-03T00:48:10.645217 #2698]  INFO -- : 0:  atomic (1.1.14) from /home/james/.rvm/gems/ruby-2.1.0/specifications/atomic-1.1.14.gemspec
I, [2014-02-03T00:48:10.646233 #2698]  INFO -- : 0:  thread_safe (0.1.3) from /home/james/.rvm/gems/ruby-2.1.0/specifications/thread_safe-0.1.3.gemspec
I, [2014-02-03T00:48:10.647222 #2698]  INFO -- : 0:  tzinfo (0.3.38) from /home/james/.rvm/gems/ruby-2.1.0/specifications/tzinfo-0.3.38.gemspec
I, [2014-02-03T00:48:10.651987 #2698]  INFO -- : 0:  activesupport (4.0.2) from /home/james/.rvm/gems/ruby-2.1.0/specifications/activesupport-4.0.2.gemspec
I, [2014-02-03T00:48:10.652927 #2698]  INFO -- : 0:  builder (3.1.4) from /home/james/.rvm/gems/ruby-2.1.0/specifications/builder-3.1.4.gemspec
I, [2014-02-03T00:48:10.653587 #2698]  INFO -- : 0:  activemodel (4.0.2) from /home/james/.rvm/gems/ruby-2.1.0/specifications/activemodel-4.0.2.gemspec
I, [2014-02-03T00:48:10.654379 #2698]  INFO -- : 0:  activerecord-deprecated_finders (1.0.3) from /home/james/.rvm/gems/ruby-2.1.0/specifications/activerecord-deprecated_finders-1.0.3.gemspec
I, [2014-02-03T00:48:10.654944 #2698]  INFO -- : 0:  arel (4.0.1) from /home/james/.rvm/gems/ruby-2.1.0/specifications/arel-4.0.1.gemspec
I, [2014-02-03T00:48:10.655455 #2698]  INFO -- : 0:  activerecord (4.0.2) from /home/james/.rvm/gems/ruby-2.1.0/specifications/activerecord-4.0.2.gemspec
I, [2014-02-03T00:48:10.656011 #2698]  INFO -- : 0:  addressable (2.3.5) from /home/james/.rvm/gems/ruby-2.1.0/specifications/addressable-2.3.5.gemspec
I, [2014-02-03T00:48:10.656557 #2698]  INFO -- : 0:  cookiejar (0.3.0) from /home/james/.rvm/gems/ruby-2.1.0/specifications/cookiejar-0.3.0.gemspec
I, [2014-02-03T00:48:10.657071 #2698]  INFO -- : 0:  daemons (1.1.9) from /home/james/.rvm/gems/ruby-2.1.0/specifications/daemons-1.1.9.gemspec
I, [2014-02-03T00:48:10.657551 #2698]  INFO -- : 0:  eventmachine (1.0.3) from /home/james/.rvm/gems/ruby-2.1.0/specifications/eventmachine-1.0.3.gemspec
I, [2014-02-03T00:48:10.658096 #2698]  INFO -- : 0:  em-socksify (0.3.0) from /home/james/.rvm/gems/ruby-2.1.0/specifications/em-socksify-0.3.0.gemspec
I, [2014-02-03T00:48:10.658587 #2698]  INFO -- : 0:  http_parser.rb (0.6.0) from /home/james/.rvm/gems/ruby-2.1.0/specifications/http_parser.rb-0.6.0.gemspec
I, [2014-02-03T00:48:10.659117 #2698]  INFO -- : 0:  em-http-request (1.1.2) from /home/james/.rvm/gems/ruby-2.1.0/specifications/em-http-request-1.1.2.gemspec
I, [2014-02-03T00:48:10.659667 #2698]  INFO -- : 0:  websocket-driver (0.3.2) from /home/james/.rvm/gems/ruby-2.1.0/specifications/websocket-driver-0.3.2.gemspec
I, [2014-02-03T00:48:10.660247 #2698]  INFO -- : 0:  faye-websocket (0.7.2) from /home/james/.rvm/gems/ruby-2.1.0/specifications/faye-websocket-0.7.2.gemspec
I, [2014-02-03T00:48:10.660745 #2698]  INFO -- : 0:  rack (1.5.2) from /home/james/.rvm/gems/ruby-2.1.0/specifications/rack-1.5.2.gemspec
I, [2014-02-03T00:48:10.661274 #2698]  INFO -- : 0:  faye (1.0.1) from /home/james/.rvm/gems/ruby-2.1.0/specifications/faye-1.0.1.gemspec
I, [2014-02-03T00:48:10.661791 #2698]  INFO -- : 0:  rack-protection (1.5.1) from /home/james/.rvm/gems/ruby-2.1.0/specifications/rack-protection-1.5.1.gemspec
I, [2014-02-03T00:48:10.662308 #2698]  INFO -- : 0:  tilt (1.4.1) from /home/james/.rvm/gems/ruby-2.1.0/specifications/tilt-1.4.1.gemspec
I, [2014-02-03T00:48:10.662817 #2698]  INFO -- : 0:  sinatra (1.4.4) from /home/james/.rvm/gems/ruby-2.1.0/specifications/sinatra-1.4.4.gemspec
I, [2014-02-03T00:48:10.663305 #2698]  INFO -- : 0:  thin (1.6.1) from /home/james/.rvm/gems/ruby-2.1.0/specifications/thin-1.6.1.gemspec
I, [2014-02-03T00:48:10.663772 #2698]  INFO -- : 0:  bundler (1.5.0) from /home/james/.rvm/gems/ruby-2.1.0@global/specifications/bundler-1.5.0.gemspec
I, [2014-02-03T00:53:58.177680 #2768]  INFO -- : 0:  i18n (0.6.9) from /home/james/.rvm/gems/ruby-2.1.0/specifications/i18n-0.6.9.gemspec
I, [2014-02-03T00:53:58.283364 #2768]  INFO -- : 0:  minitest (4.7.5) from /home/james/.rvm/gems/ruby-2.1.0/specifications/minitest-4.7.5.gemspec
I, [2014-02-03T00:53:58.284768 #2768]  INFO -- : 0:  multi_json (1.8.4) from /home/james/.rvm/gems/ruby-2.1.0/specifications/multi_json-1.8.4.gemspec
I, [2014-02-03T00:53:58.285682 #2768]  INFO -- : 0:  atomic (1.1.14) from /home/james/.rvm/gems/ruby-2.1.0/specifications/atomic-1.1.14.gemspec
I, [2014-02-03T00:53:58.286861 #2768]  INFO -- : 0:  thread_safe (0.1.3) from /home/james/.rvm/gems/ruby-2.1.0/specifications/thread_safe-0.1.3.gemspec
I, [2014-02-03T00:53:58.287856 #2768]  INFO -- : 0:  tzinfo (0.3.38) from /home/james/.rvm/gems/ruby-2.1.0/specifications/tzinfo-0.3.38.gemspec
I, [2014-02-03T00:53:58.288945 #2768]  INFO -- : 0:  activesupport (4.0.2) from /home/james/.rvm/gems/ruby-2.1.0/specifications/activesupport-4.0.2.gemspec
I, [2014-02-03T00:53:58.290038 #2768]  INFO -- : 0:  builder (3.1.4) from /home/james/.rvm/gems/ruby-2.1.0/specifications/builder-3.1.4.gemspec
I, [2014-02-03T00:53:58.290991 #2768]  INFO -- : 0:  activemodel (4.0.2) from /home/james/.rvm/gems/ruby-2.1.0/specifications/activemodel-4.0.2.gemspec
I, [2014-02-03T00:53:58.292037 #2768]  INFO -- : 0:  activerecord-deprecated_finders (1.0.3) from /home/james/.rvm/gems/ruby-2.1.0/specifications/activerecord-deprecated_finders-1.0.3.gemspec
I, [2014-02-03T00:53:58.293029 #2768]  INFO -- : 0:  arel (4.0.1) from /home/james/.rvm/gems/ruby-2.1.0/specifications/arel-4.0.1.gemspec
I, [2014-02-03T00:53:58.294093 #2768]  INFO -- : 0:  activerecord (4.0.2) from /home/james/.rvm/gems/ruby-2.1.0/specifications/activerecord-4.0.2.gemspec
I, [2014-02-03T00:53:58.294600 #2768]  INFO -- : 0:  addressable (2.3.5) from /home/james/.rvm/gems/ruby-2.1.0/specifications/addressable-2.3.5.gemspec
I, [2014-02-03T00:53:58.295111 #2768]  INFO -- : 0:  cookiejar (0.3.0) from /home/james/.rvm/gems/ruby-2.1.0/specifications/cookiejar-0.3.0.gemspec
I, [2014-02-03T00:53:58.295590 #2768]  INFO -- : 0:  daemons (1.1.9) from /home/james/.rvm/gems/ruby-2.1.0/specifications/daemons-1.1.9.gemspec
I, [2014-02-03T00:53:58.296150 #2768]  INFO -- : 0:  eventmachine (1.0.3) from /home/james/.rvm/gems/ruby-2.1.0/specifications/eventmachine-1.0.3.gemspec
I, [2014-02-03T00:53:58.296712 #2768]  INFO -- : 0:  em-socksify (0.3.0) from /home/james/.rvm/gems/ruby-2.1.0/specifications/em-socksify-0.3.0.gemspec
I, [2014-02-03T00:53:58.297235 #2768]  INFO -- : 0:  http_parser.rb (0.6.0) from /home/james/.rvm/gems/ruby-2.1.0/specifications/http_parser.rb-0.6.0.gemspec
I, [2014-02-03T00:53:58.297758 #2768]  INFO -- : 0:  em-http-request (1.1.2) from /home/james/.rvm/gems/ruby-2.1.0/specifications/em-http-request-1.1.2.gemspec
I, [2014-02-03T00:53:58.298337 #2768]  INFO -- : 0:  websocket-driver (0.3.2) from /home/james/.rvm/gems/ruby-2.1.0/specifications/websocket-driver-0.3.2.gemspec
I, [2014-02-03T00:53:58.298843 #2768]  INFO -- : 0:  faye-websocket (0.7.2) from /home/james/.rvm/gems/ruby-2.1.0/specifications/faye-websocket-0.7.2.gemspec
I, [2014-02-03T00:53:58.299334 #2768]  INFO -- : 0:  rack (1.5.2) from /home/james/.rvm/gems/ruby-2.1.0/specifications/rack-1.5.2.gemspec
I, [2014-02-03T00:53:58.299822 #2768]  INFO -- : 0:  faye (1.0.1) from /home/james/.rvm/gems/ruby-2.1.0/specifications/faye-1.0.1.gemspec
I, [2014-02-03T00:53:58.300316 #2768]  INFO -- : 0:  mysql2 (0.3.15) from /home/james/.rvm/gems/ruby-2.1.0/specifications/mysql2-0.3.15.gemspec
I, [2014-02-03T00:53:58.300832 #2768]  INFO -- : 0:  rack-protection (1.5.1) from /home/james/.rvm/gems/ruby-2.1.0/specifications/rack-protection-1.5.1.gemspec
I, [2014-02-03T00:53:58.301316 #2768]  INFO -- : 0:  tilt (1.4.1) from /home/james/.rvm/gems/ruby-2.1.0/specifications/tilt-1.4.1.gemspec
I, [2014-02-03T00:53:58.301818 #2768]  INFO -- : 0:  sinatra (1.4.4) from /home/james/.rvm/gems/ruby-2.1.0/specifications/sinatra-1.4.4.gemspec
I, [2014-02-03T00:53:58.302494 #2768]  INFO -- : 0:  thin (1.6.1) from /home/james/.rvm/gems/ruby-2.1.0/specifications/thin-1.6.1.gemspec
I, [2014-02-03T00:53:58.302959 #2768]  INFO -- : 0:  bundler (1.5.0) from /home/james/.rvm/gems/ruby-2.1.0@global/specifications/bundler-1.5.0.gemspec
I, [2014-02-03T12:26:15.792427 #8023]  INFO -- : 0:  i18n (0.6.9) from /home/james/.rvm/gems/ruby-2.1.0/specifications/i18n-0.6.9.gemspec
I, [2014-02-03T12:26:15.962427 #8023]  INFO -- : 0:  minitest (4.7.5) from /home/james/.rvm/gems/ruby-2.1.0/specifications/minitest-4.7.5.gemspec
I, [2014-02-03T12:26:15.963226 #8023]  INFO -- : 0:  multi_json (1.8.4) from /home/james/.rvm/gems/ruby-2.1.0/specifications/multi_json-1.8.4.gemspec
I, [2014-02-03T12:26:15.963818 #8023]  INFO -- : 0:  atomic (1.1.14) from /home/james/.rvm/gems/ruby-2.1.0/specifications/atomic-1.1.14.gemspec
I, [2014-02-03T12:26:15.964421 #8023]  INFO -- : 0:  thread_safe (0.1.3) from /home/james/.rvm/gems/ruby-2.1.0/specifications/thread_safe-0.1.3.gemspec
I, [2014-02-03T12:26:15.964971 #8023]  INFO -- : 0:  tzinfo (0.3.38) from /home/james/.rvm/gems/ruby-2.1.0/specifications/tzinfo-0.3.38.gemspec
I, [2014-02-03T12:26:15.965523 #8023]  INFO -- : 0:  activesupport (4.0.2) from /home/james/.rvm/gems/ruby-2.1.0/specifications/activesupport-4.0.2.gemspec
I, [2014-02-03T12:26:15.966062 #8023]  INFO -- : 0:  builder (3.1.4) from /home/james/.rvm/gems/ruby-2.1.0/specifications/builder-3.1.4.gemspec
I, [2014-02-03T12:26:15.966651 #8023]  INFO -- : 0:  activemodel (4.0.2) from /home/james/.rvm/gems/ruby-2.1.0/specifications/activemodel-4.0.2.gemspec
I, [2014-02-03T12:26:15.967183 #8023]  INFO -- : 0:  activerecord-deprecated_finders (1.0.3) from /home/james/.rvm/gems/ruby-2.1.0/specifications/activerecord-deprecated_finders-1.0.3.gemspec
I, [2014-02-03T12:26:15.967731 #8023]  INFO -- : 0:  arel (4.0.1) from /home/james/.rvm/gems/ruby-2.1.0/specifications/arel-4.0.1.gemspec
I, [2014-02-03T12:26:15.968299 #8023]  INFO -- : 0:  activerecord (4.0.2) from /home/james/.rvm/gems/ruby-2.1.0/specifications/activerecord-4.0.2.gemspec
I, [2014-02-03T12:26:15.968828 #8023]  INFO -- : 0:  addressable (2.3.5) from /home/james/.rvm/gems/ruby-2.1.0/specifications/addressable-2.3.5.gemspec
I, [2014-02-03T12:26:15.969359 #8023]  INFO -- : 0:  cookiejar (0.3.0) from /home/james/.rvm/gems/ruby-2.1.0/specifications/cookiejar-0.3.0.gemspec
I, [2014-02-03T12:26:15.969879 #8023]  INFO -- : 0:  daemons (1.1.9) from /home/james/.rvm/gems/ruby-2.1.0/specifications/daemons-1.1.9.gemspec
I, [2014-02-03T12:26:15.970427 #8023]  INFO -- : 0:  eventmachine (1.0.3) from /home/james/.rvm/gems/ruby-2.1.0/specifications/eventmachine-1.0.3.gemspec
I, [2014-02-03T12:26:15.970978 #8023]  INFO -- : 0:  em-socksify (0.3.0) from /home/james/.rvm/gems/ruby-2.1.0/specifications/em-socksify-0.3.0.gemspec
I, [2014-02-03T12:26:15.971497 #8023]  INFO -- : 0:  http_parser.rb (0.6.0) from /home/james/.rvm/gems/ruby-2.1.0/specifications/http_parser.rb-0.6.0.gemspec
I, [2014-02-03T12:26:15.971996 #8023]  INFO -- : 0:  em-http-request (1.1.2) from /home/james/.rvm/gems/ruby-2.1.0/specifications/em-http-request-1.1.2.gemspec
I, [2014-02-03T12:26:15.972525 #8023]  INFO -- : 0:  websocket-driver (0.3.2) from /home/james/.rvm/gems/ruby-2.1.0/specifications/websocket-driver-0.3.2.gemspec
I, [2014-02-03T12:26:15.973069 #8023]  INFO -- : 0:  faye-websocket (0.7.2) from /home/james/.rvm/gems/ruby-2.1.0/specifications/faye-websocket-0.7.2.gemspec
I, [2014-02-03T12:26:15.973660 #8023]  INFO -- : 0:  rack (1.5.2) from /home/james/.rvm/gems/ruby-2.1.0/specifications/rack-1.5.2.gemspec
I, [2014-02-03T12:26:15.974251 #8023]  INFO -- : 0:  faye (1.0.1) from /home/james/.rvm/gems/ruby-2.1.0/specifications/faye-1.0.1.gemspec
I, [2014-02-03T12:26:15.974783 #8023]  INFO -- : 0:  mysql2 (0.3.15) from /home/james/.rvm/gems/ruby-2.1.0/specifications/mysql2-0.3.15.gemspec
I, [2014-02-03T12:26:15.975345 #8023]  INFO -- : 0:  rack-protection (1.5.1) from /home/james/.rvm/gems/ruby-2.1.0/specifications/rack-protection-1.5.1.gemspec
I, [2014-02-03T12:26:15.975946 #8023]  INFO -- : 0:  tilt (1.4.1) from /home/james/.rvm/gems/ruby-2.1.0/specifications/tilt-1.4.1.gemspec
I, [2014-02-03T12:26:15.976571 #8023]  INFO -- : 0:  sinatra (1.4.4) from /home/james/.rvm/gems/ruby-2.1.0/specifications/sinatra-1.4.4.gemspec
I, [2014-02-03T12:26:15.977129 #8023]  INFO -- : 0:  thin (1.6.1) from /home/james/.rvm/gems/ruby-2.1.0/specifications/thin-1.6.1.gemspec
I, [2014-02-03T12:26:15.977585 #8023]  INFO -- : 0:  bundler (1.5.0) from /home/james/.rvm/gems/ruby-2.1.0@global/specifications/bundler-1.5.0.gemspec
I, [2014-02-04T23:56:20.002267 #5662]  INFO -- : 0:  i18n (0.6.9) from /home/james/.rvm/gems/ruby-2.1.0/specifications/i18n-0.6.9.gemspec
I, [2014-02-04T23:56:20.524844 #5662]  INFO -- : 0:  minitest (4.7.5) from /home/james/.rvm/gems/ruby-2.1.0/specifications/minitest-4.7.5.gemspec
I, [2014-02-04T23:56:20.526113 #5662]  INFO -- : 0:  multi_json (1.8.4) from /home/james/.rvm/gems/ruby-2.1.0/specifications/multi_json-1.8.4.gemspec
I, [2014-02-04T23:56:20.527055 #5662]  INFO -- : 0:  atomic (1.1.14) from /home/james/.rvm/gems/ruby-2.1.0/specifications/atomic-1.1.14.gemspec
I, [2014-02-04T23:56:20.528022 #5662]  INFO -- : 0:  thread_safe (0.1.3) from /home/james/.rvm/gems/ruby-2.1.0/specifications/thread_safe-0.1.3.gemspec
I, [2014-02-04T23:56:20.528985 #5662]  INFO -- : 0:  tzinfo (0.3.38) from /home/james/.rvm/gems/ruby-2.1.0/specifications/tzinfo-0.3.38.gemspec
I, [2014-02-04T23:56:20.530027 #5662]  INFO -- : 0:  activesupport (4.0.2) from /home/james/.rvm/gems/ruby-2.1.0/specifications/activesupport-4.0.2.gemspec
I, [2014-02-04T23:56:20.531135 #5662]  INFO -- : 0:  builder (3.1.4) from /home/james/.rvm/gems/ruby-2.1.0/specifications/builder-3.1.4.gemspec
I, [2014-02-04T23:56:20.532158 #5662]  INFO -- : 0:  activemodel (4.0.2) from /home/james/.rvm/gems/ruby-2.1.0/specifications/activemodel-4.0.2.gemspec
I, [2014-02-04T23:56:20.533188 #5662]  INFO -- : 0:  activerecord-deprecated_finders (1.0.3) from /home/james/.rvm/gems/ruby-2.1.0/specifications/activerecord-deprecated_finders-1.0.3.gemspec
I, [2014-02-04T23:56:20.534262 #5662]  INFO -- : 0:  arel (4.0.1) from /home/james/.rvm/gems/ruby-2.1.0/specifications/arel-4.0.1.gemspec
I, [2014-02-04T23:56:20.535164 #5662]  INFO -- : 0:  activerecord (4.0.2) from /home/james/.rvm/gems/ruby-2.1.0/specifications/activerecord-4.0.2.gemspec
I, [2014-02-04T23:56:20.536019 #5662]  INFO -- : 0:  addressable (2.3.5) from /home/james/.rvm/gems/ruby-2.1.0/specifications/addressable-2.3.5.gemspec
I, [2014-02-04T23:56:20.536511 #5662]  INFO -- : 0:  cookiejar (0.3.0) from /home/james/.rvm/gems/ruby-2.1.0/specifications/cookiejar-0.3.0.gemspec
I, [2014-02-04T23:56:20.536993 #5662]  INFO -- : 0:  daemons (1.1.9) from /home/james/.rvm/gems/ruby-2.1.0/specifications/daemons-1.1.9.gemspec
I, [2014-02-04T23:56:20.537487 #5662]  INFO -- : 0:  eventmachine (1.0.3) from /home/james/.rvm/gems/ruby-2.1.0/specifications/eventmachine-1.0.3.gemspec
I, [2014-02-04T23:56:20.537975 #5662]  INFO -- : 0:  em-socksify (0.3.0) from /home/james/.rvm/gems/ruby-2.1.0/specifications/em-socksify-0.3.0.gemspec
I, [2014-02-04T23:56:20.538461 #5662]  INFO -- : 0:  http_parser.rb (0.6.0) from /home/james/.rvm/gems/ruby-2.1.0/specifications/http_parser.rb-0.6.0.gemspec
I, [2014-02-04T23:56:20.538939 #5662]  INFO -- : 0:  em-http-request (1.1.2) from /home/james/.rvm/gems/ruby-2.1.0/specifications/em-http-request-1.1.2.gemspec
I, [2014-02-04T23:56:20.539424 #5662]  INFO -- : 0:  websocket-driver (0.3.2) from /home/james/.rvm/gems/ruby-2.1.0/specifications/websocket-driver-0.3.2.gemspec
I, [2014-02-04T23:56:20.539936 #5662]  INFO -- : 0:  faye-websocket (0.7.2) from /home/james/.rvm/gems/ruby-2.1.0/specifications/faye-websocket-0.7.2.gemspec
I, [2014-02-04T23:56:20.540415 #5662]  INFO -- : 0:  rack (1.5.2) from /home/james/.rvm/gems/ruby-2.1.0/specifications/rack-1.5.2.gemspec
I, [2014-02-04T23:56:20.540915 #5662]  INFO -- : 0:  faye (1.0.1) from /home/james/.rvm/gems/ruby-2.1.0/specifications/faye-1.0.1.gemspec
I, [2014-02-04T23:56:20.541418 #5662]  INFO -- : 0:  mysql2 (0.3.15) from /home/james/.rvm/gems/ruby-2.1.0/specifications/mysql2-0.3.15.gemspec
I, [2014-02-04T23:56:20.541932 #5662]  INFO -- : 0:  rack-protection (1.5.1) from /home/james/.rvm/gems/ruby-2.1.0/specifications/rack-protection-1.5.1.gemspec
I, [2014-02-04T23:56:20.542410 #5662]  INFO -- : 0:  tilt (1.4.1) from /home/james/.rvm/gems/ruby-2.1.0/specifications/tilt-1.4.1.gemspec
I, [2014-02-04T23:56:20.542908 #5662]  INFO -- : 0:  sinatra (1.4.4) from /home/james/.rvm/gems/ruby-2.1.0/specifications/sinatra-1.4.4.gemspec
I, [2014-02-04T23:56:20.543399 #5662]  INFO -- : 0:  thin (1.6.1) from /home/james/.rvm/gems/ruby-2.1.0/specifications/thin-1.6.1.gemspec
I, [2014-02-04T23:56:20.543888 #5662]  INFO -- : 0:  bundler (1.5.0) from /home/james/.rvm/gems/ruby-2.1.0@global/specifications/bundler-1.5.0.gemspec
I, [2014-02-04T23:56:42.076314 #5668]  INFO -- : 0:  i18n (0.6.9) from /home/james/.rvm/gems/ruby-2.1.0/specifications/i18n-0.6.9.gemspec
I, [2014-02-04T23:56:42.188208 #5668]  INFO -- : 0:  minitest (4.7.5) from /home/james/.rvm/gems/ruby-2.1.0/specifications/minitest-4.7.5.gemspec
I, [2014-02-04T23:56:42.189361 #5668]  INFO -- : 0:  multi_json (1.8.4) from /home/james/.rvm/gems/ruby-2.1.0/specifications/multi_json-1.8.4.gemspec
I, [2014-02-04T23:56:42.190226 #5668]  INFO -- : 0:  atomic (1.1.14) from /home/james/.rvm/gems/ruby-2.1.0/specifications/atomic-1.1.14.gemspec
I, [2014-02-04T23:56:42.191085 #5668]  INFO -- : 0:  thread_safe (0.1.3) from /home/james/.rvm/gems/ruby-2.1.0/specifications/thread_safe-0.1.3.gemspec
I, [2014-02-04T23:56:42.192043 #5668]  INFO -- : 0:  tzinfo (0.3.38) from /home/james/.rvm/gems/ruby-2.1.0/specifications/tzinfo-0.3.38.gemspec
I, [2014-02-04T23:56:42.193144 #5668]  INFO -- : 0:  activesupport (4.0.2) from /home/james/.rvm/gems/ruby-2.1.0/specifications/activesupport-4.0.2.gemspec
I, [2014-02-04T23:56:42.194156 #5668]  INFO -- : 0:  builder (3.1.4) from /home/james/.rvm/gems/ruby-2.1.0/specifications/builder-3.1.4.gemspec
I, [2014-02-04T23:56:42.195163 #5668]  INFO -- : 0:  activemodel (4.0.2) from /home/james/.rvm/gems/ruby-2.1.0/specifications/activemodel-4.0.2.gemspec
I, [2014-02-04T23:56:42.195944 #5668]  INFO -- : 0:  activerecord-deprecated_finders (1.0.3) from /home/james/.rvm/gems/ruby-2.1.0/specifications/activerecord-deprecated_finders-1.0.3.gemspec
I, [2014-02-04T23:56:42.196452 #5668]  INFO -- : 0:  arel (4.0.1) from /home/james/.rvm/gems/ruby-2.1.0/specifications/arel-4.0.1.gemspec
I, [2014-02-04T23:56:42.197062 #5668]  INFO -- : 0:  activerecord (4.0.2) from /home/james/.rvm/gems/ruby-2.1.0/specifications/activerecord-4.0.2.gemspec
I, [2014-02-04T23:56:42.197659 #5668]  INFO -- : 0:  addressable (2.3.5) from /home/james/.rvm/gems/ruby-2.1.0/specifications/addressable-2.3.5.gemspec
I, [2014-02-04T23:56:42.198241 #5668]  INFO -- : 0:  cookiejar (0.3.0) from /home/james/.rvm/gems/ruby-2.1.0/specifications/cookiejar-0.3.0.gemspec
I, [2014-02-04T23:56:42.198718 #5668]  INFO -- : 0:  daemons (1.1.9) from /home/james/.rvm/gems/ruby-2.1.0/specifications/daemons-1.1.9.gemspec
I, [2014-02-04T23:56:42.199288 #5668]  INFO -- : 0:  eventmachine (1.0.3) from /home/james/.rvm/gems/ruby-2.1.0/specifications/eventmachine-1.0.3.gemspec
I, [2014-02-04T23:56:42.199872 #5668]  INFO -- : 0:  em-socksify (0.3.0) from /home/james/.rvm/gems/ruby-2.1.0/specifications/em-socksify-0.3.0.gemspec
I, [2014-02-04T23:56:42.200520 #5668]  INFO -- : 0:  http_parser.rb (0.6.0) from /home/james/.rvm/gems/ruby-2.1.0/specifications/http_parser.rb-0.6.0.gemspec
I, [2014-02-04T23:56:42.201037 #5668]  INFO -- : 0:  em-http-request (1.1.2) from /home/james/.rvm/gems/ruby-2.1.0/specifications/em-http-request-1.1.2.gemspec
I, [2014-02-04T23:56:42.201529 #5668]  INFO -- : 0:  websocket-driver (0.3.2) from /home/james/.rvm/gems/ruby-2.1.0/specifications/websocket-driver-0.3.2.gemspec
I, [2014-02-04T23:56:42.202127 #5668]  INFO -- : 0:  faye-websocket (0.7.2) from /home/james/.rvm/gems/ruby-2.1.0/specifications/faye-websocket-0.7.2.gemspec
I, [2014-02-04T23:56:42.202727 #5668]  INFO -- : 0:  rack (1.5.2) from /home/james/.rvm/gems/ruby-2.1.0/specifications/rack-1.5.2.gemspec
I, [2014-02-04T23:56:42.203314 #5668]  INFO -- : 0:  faye (1.0.1) from /home/james/.rvm/gems/ruby-2.1.0/specifications/faye-1.0.1.gemspec
I, [2014-02-04T23:56:42.203812 #5668]  INFO -- : 0:  mysql2 (0.3.15) from /home/james/.rvm/gems/ruby-2.1.0/specifications/mysql2-0.3.15.gemspec
I, [2014-02-04T23:56:42.204295 #5668]  INFO -- : 0:  rack-protection (1.5.1) from /home/james/.rvm/gems/ruby-2.1.0/specifications/rack-protection-1.5.1.gemspec
I, [2014-02-04T23:56:42.204790 #5668]  INFO -- : 0:  serialport (1.3.0) from /home/james/.rvm/gems/ruby-2.1.0/specifications/serialport-1.3.0.gemspec
I, [2014-02-04T23:56:42.205548 #5668]  INFO -- : 0:  tilt (1.4.1) from /home/james/.rvm/gems/ruby-2.1.0/specifications/tilt-1.4.1.gemspec
I, [2014-02-04T23:56:42.206047 #5668]  INFO -- : 0:  sinatra (1.4.4) from /home/james/.rvm/gems/ruby-2.1.0/specifications/sinatra-1.4.4.gemspec
I, [2014-02-04T23:56:42.206509 #5668]  INFO -- : 0:  thin (1.6.1) from /home/james/.rvm/gems/ruby-2.1.0/specifications/thin-1.6.1.gemspec
I, [2014-02-04T23:56:42.206966 #5668]  INFO -- : 0:  bundler (1.5.0) from /home/james/.rvm/gems/ruby-2.1.0@global/specifications/bundler-1.5.0.gemspec
